<?xml version="1.0" encoding="UTF-8"?>
<!-- Generated by org.testng.reporters.JUnitXMLReporter -->
<testsuite ignored="0" hostname="DESKTOP-CQB5LA7" failures="1" tests="2" name="Test" time="26.751" errors="0" timestamp="2020-04-18T11:50:19 IST">
  <testcase classname="ProjectSupportSelenium.ProjectSupportSelenium.GoogleHomePageTest" name="launchGooglePage" time="0.949">
    <failure type="junit.framework.AssertionFailedError">
      <![CDATA[junit.framework.AssertionFailedError
at junit.framework.Assert.fail(Assert.java:47)
at junit.framework.Assert.assertTrue(Assert.java:20)
at junit.framework.Assert.assertTrue(Assert.java:27)
at ProjectSupportSelenium.ProjectSupportSelenium.GoogleHomePageTest.launchGooglePage(GoogleHomePageTest.java:26)
at java.base/java.util.concurrent.ThreadPoolExecutor.runWorker(ThreadPoolExecutor.java:1128)
at java.base/java.util.concurrent.ThreadPoolExecutor$Worker.run(ThreadPoolExecutor.java:628)
at java.base/java.lang.Thread.run(Thread.java:830)
... Removed 12 stack frames]]>
    </failure>
  </testcase> <!-- launchGooglePage -->
  <testcase classname="ProjectSupportSelenium.ProjectSupportSelenium.HomePageTest" name="launchHomePage" time="1.084"/>
</testsuite> <!-- Test -->
