<?xml version="1.0" encoding="UTF-8"?>
<testng-results ignored="0" total="2" passed="1" failed="1" skipped="0">
  <reporter-output>
  </reporter-output>
  <suite started-at="2020-04-18T11:49:52 IST" name="Suite" finished-at="2020-04-18T11:50:19 IST" duration-ms="26751">
    <groups>
    </groups>
    <test started-at="2020-04-18T11:49:52 IST" name="Test" finished-at="2020-04-18T11:50:19 IST" duration-ms="26751">
      <class name="ProjectSupportSelenium.ProjectSupportSelenium.GoogleHomePageTest">
        <test-method is-config="true" signature="openBrowser()[pri:0, instance:ProjectSupportSelenium.ProjectSupportSelenium.GoogleHomePageTest@6f4a47c7]" started-at="2020-04-18T11:49:52 IST" name="openBrowser" finished-at="2020-04-18T11:49:58 IST" duration-ms="5679" status="PASS">
          <reporter-output>
          </reporter-output>
        </test-method> <!-- openBrowser -->
        <test-method signature="launchGooglePage()[pri:0, instance:ProjectSupportSelenium.ProjectSupportSelenium.GoogleHomePageTest@6f4a47c7]" started-at="2020-04-18T11:50:16 IST" name="launchGooglePage" finished-at="2020-04-18T11:50:17 IST" duration-ms="949" status="FAIL">
          <exception class="junit.framework.AssertionFailedError">
            <full-stacktrace>
              <![CDATA[junit.framework.AssertionFailedError
at junit.framework.Assert.fail(Assert.java:47)
at junit.framework.Assert.assertTrue(Assert.java:20)
at junit.framework.Assert.assertTrue(Assert.java:27)
at ProjectSupportSelenium.ProjectSupportSelenium.GoogleHomePageTest.launchGooglePage(GoogleHomePageTest.java:26)
at java.base/jdk.internal.reflect.NativeMethodAccessorImpl.invoke0(Native Method)
at java.base/jdk.internal.reflect.NativeMethodAccessorImpl.invoke(NativeMethodAccessorImpl.java:62)
at java.base/jdk.internal.reflect.DelegatingMethodAccessorImpl.invoke(DelegatingMethodAccessorImpl.java:43)
at java.base/java.lang.reflect.Method.invoke(Method.java:567)
at org.testng.internal.MethodInvocationHelper.invokeMethod(MethodInvocationHelper.java:133)
at org.testng.internal.TestInvoker.invokeMethod(TestInvoker.java:584)
at org.testng.internal.TestInvoker.invokeTestMethod(TestInvoker.java:172)
at org.testng.internal.MethodRunner.runInSequence(MethodRunner.java:46)
at org.testng.internal.TestInvoker$MethodInvocationAgent.invoke(TestInvoker.java:804)
at org.testng.internal.TestInvoker.invokeTestMethods(TestInvoker.java:145)
at org.testng.internal.TestMethodWorker.invokeTestMethods(TestMethodWorker.java:146)
at org.testng.internal.TestMethodWorker.run(TestMethodWorker.java:128)
at java.base/java.util.concurrent.ThreadPoolExecutor.runWorker(ThreadPoolExecutor.java:1128)
at java.base/java.util.concurrent.ThreadPoolExecutor$Worker.run(ThreadPoolExecutor.java:628)
at java.base/java.lang.Thread.run(Thread.java:830)
]]>
            </full-stacktrace>
          </exception> <!-- junit.framework.AssertionFailedError -->
          <reporter-output>
          </reporter-output>
        </test-method> <!-- launchGooglePage -->
        <test-method is-config="true" signature="closeBrowser()[pri:0, instance:ProjectSupportSelenium.ProjectSupportSelenium.GoogleHomePageTest@6f4a47c7]" started-at="2020-04-18T11:50:18 IST" name="closeBrowser" finished-at="2020-04-18T11:50:18 IST" duration-ms="643" status="PASS">
          <reporter-output>
          </reporter-output>
        </test-method> <!-- closeBrowser -->
      </class> <!-- ProjectSupportSelenium.ProjectSupportSelenium.GoogleHomePageTest -->
      <class name="ProjectSupportSelenium.ProjectSupportSelenium.HomePageTest">
        <test-method is-config="true" signature="openBrowser()[pri:0, instance:ProjectSupportSelenium.ProjectSupportSelenium.HomePageTest@69453e37]" started-at="2020-04-18T11:49:58 IST" name="openBrowser" finished-at="2020-04-18T11:50:16 IST" duration-ms="18157" status="PASS">
          <reporter-output>
          </reporter-output>
        </test-method> <!-- openBrowser -->
        <test-method signature="launchHomePage()[pri:0, instance:ProjectSupportSelenium.ProjectSupportSelenium.HomePageTest@69453e37]" started-at="2020-04-18T11:50:16 IST" name="launchHomePage" finished-at="2020-04-18T11:50:17 IST" duration-ms="1084" status="PASS">
          <reporter-output>
          </reporter-output>
        </test-method> <!-- launchHomePage -->
        <test-method is-config="true" signature="closeBrowser()[pri:0, instance:ProjectSupportSelenium.ProjectSupportSelenium.HomePageTest@69453e37]" started-at="2020-04-18T11:50:18 IST" name="closeBrowser" finished-at="2020-04-18T11:50:19 IST" duration-ms="644" status="PASS">
          <reporter-output>
          </reporter-output>
        </test-method> <!-- closeBrowser -->
      </class> <!-- ProjectSupportSelenium.ProjectSupportSelenium.HomePageTest -->
    </test> <!-- Test -->
  </suite> <!-- Suite -->
</testng-results>
